<?xml version="1.0" encoding="UTF-8"?>
<testng-results ignored="0" total="2" passed="2" failed="0" skipped="0">
  <reporter-output>
  </reporter-output>
  <suite started-at="2025-06-22T02:20:16 IST" name="AutomationExercise Test Suite" finished-at="2025-06-22T02:20:26 IST" duration-ms="9676">
    <groups>
    </groups>
    <test started-at="2025-06-22T02:20:16 IST" name="Sign Up Page Tests" finished-at="2025-06-22T02:20:26 IST" duration-ms="9676">
      <class name="tests.SignUpPageTest">
        <test-method is-config="true" signature="startReport()[pri:0, instance:tests.SignUpPageTest@16d04d3d]" started-at="2025-06-22T02:20:16 IST" name="startReport" finished-at="2025-06-22T02:20:16 IST" duration-ms="147" status="PASS">
          <reporter-output>
          </reporter-output>
        </test-method> <!-- startReport -->
        <test-method is-config="true" signature="setUp()[pri:0, instance:tests.SignUpPageTest@16d04d3d]" started-at="2025-06-22T02:20:16 IST" name="setUp" finished-at="2025-06-22T02:20:17 IST" duration-ms="1311" status="PASS">
          <reporter-output>
          </reporter-output>
        </test-method> <!-- setUp -->
        <test-method is-config="true" signature="initPageObjects()[pri:0, instance:tests.SignUpPageTest@16d04d3d]" started-at="2025-06-22T02:20:17 IST" name="initPageObjects" finished-at="2025-06-22T02:20:17 IST" duration-ms="2" status="PASS">
          <reporter-output>
          </reporter-output>
        </test-method> <!-- initPageObjects -->
        <test-method is-config="true" signature="navigateToMainURL()[pri:0, instance:tests.SignUpPageTest@16d04d3d]" started-at="2025-06-22T02:20:17 IST" name="navigateToMainURL" finished-at="2025-06-22T02:20:20 IST" duration-ms="2795" status="PASS">
          <reporter-output>
          </reporter-output>
        </test-method> <!-- navigateToMainURL -->
        <test-method signature="verifySignUpPageTitle()[pri:1, instance:tests.SignUpPageTest@16d04d3d]" started-at="2025-06-22T02:20:20 IST" name="verifySignUpPageTitle" finished-at="2025-06-22T02:20:22 IST" duration-ms="2106" status="PASS">
          <reporter-output>
          </reporter-output>
        </test-method> <!-- verifySignUpPageTitle -->
        <test-method is-config="true" signature="captureResult(org.testng.ITestResult)[pri:0, instance:tests.SignUpPageTest@16d04d3d]" started-at="2025-06-22T02:20:22 IST" name="captureResult" finished-at="2025-06-22T02:20:22 IST" duration-ms="1" status="PASS">
          <params>
            <param index="0">
              <value>
                <![CDATA[[TestResult name=verifySignUpPageTitle status=SUCCESS method=SignUpPageTest.verifySignUpPageTitle()[pri:1, instance:tests.SignUpPageTest@16d04d3d] output={null}]]]>
              </value>
            </param>
          </params>
          <reporter-output>
          </reporter-output>
        </test-method> <!-- captureResult -->
        <test-method is-config="true" signature="navigateToMainURL()[pri:0, instance:tests.SignUpPageTest@16d04d3d]" started-at="2025-06-22T02:20:22 IST" name="navigateToMainURL" finished-at="2025-06-22T02:20:24 IST" duration-ms="2058" status="PASS">
          <reporter-output>
          </reporter-output>
        </test-method> <!-- navigateToMainURL -->
        <test-method signature="verifySignUpAndLoginElementsPresent()[pri:2, instance:tests.SignUpPageTest@16d04d3d]" started-at="2025-06-22T02:20:24 IST" name="verifySignUpAndLoginElementsPresent" finished-at="2025-06-22T02:20:26 IST" duration-ms="1124" status="PASS">
          <reporter-output>
          </reporter-output>
        </test-method> <!-- verifySignUpAndLoginElementsPresent -->
        <test-method is-config="true" signature="captureResult(org.testng.ITestResult)[pri:0, instance:tests.SignUpPageTest@16d04d3d]" started-at="2025-06-22T02:20:26 IST" name="captureResult" finished-at="2025-06-22T02:20:26 IST" duration-ms="2" status="PASS">
          <params>
            <param index="0">
              <value>
                <![CDATA[[TestResult name=verifySignUpAndLoginElementsPresent status=SUCCESS method=SignUpPageTest.verifySignUpAndLoginElementsPresent()[pri:2, instance:tests.SignUpPageTest@16d04d3d] output={null}]]]>
              </value>
            </param>
          </params>
          <reporter-output>
          </reporter-output>
        </test-method> <!-- captureResult -->
        <test-method is-config="true" signature="tearDown()[pri:0, instance:tests.SignUpPageTest@16d04d3d]" started-at="2025-06-22T02:20:26 IST" name="tearDown" finished-at="2025-06-22T02:20:26 IST" duration-ms="219" status="PASS">
          <reporter-output>
          </reporter-output>
        </test-method> <!-- tearDown -->
        <test-method is-config="true" signature="flushReport()[pri:0, instance:tests.SignUpPageTest@16d04d3d]" started-at="2025-06-22T02:20:26 IST" name="flushReport" finished-at="2025-06-22T02:20:26 IST" duration-ms="297" status="PASS">
          <reporter-output>
          </reporter-output>
        </test-method> <!-- flushReport -->
      </class> <!-- tests.SignUpPageTest -->
    </test> <!-- Sign Up Page Tests -->
  </suite> <!-- AutomationExercise Test Suite -->
</testng-results>
